<?xml version="1.0" encoding="UTF-8"?>
<testsuite xmlns:xsi="http://www.w3.org/2001/XMLSchema-instance" xsi:noNamespaceSchemaLocation="https://maven.apache.org/surefire/maven-surefire-plugin/xsd/surefire-test-report-3.0.xsd" version="3.0" name="TestSuite" time="109.345" tests="12" errors="0" skipped="0" failures="5">
  <properties>
    <property name="java.specification.version" value="21"/>
    <property name="sun.cpu.isalist" value="amd64"/>
    <property name="sun.jnu.encoding" value="Cp1252"/>
    <property name="java.class.path" value="C:\Users\harih\eclipse-workspace\LambdatestSeleniumTest\target\test-classes;C:\Users\harih\eclipse-workspace\LambdatestSeleniumTest\target\classes;C:\Users\harih\.m2\repository\org\testng\testng\7.1.0\testng-7.1.0.jar;C:\Users\harih\.m2\repository\com\beust\jcommander\1.72\jcommander-1.72.jar;C:\Users\harih\.m2\repository\com\google\inject\guice\4.1.0\guice-4.1.0-no_aop.jar;C:\Users\harih\.m2\repository\javax\inject\javax.inject\1\javax.inject-1.jar;C:\Users\harih\.m2\repository\aopalliance\aopalliance\1.0\aopalliance-1.0.jar;C:\Users\harih\.m2\repository\org\yaml\snakeyaml\1.21\snakeyaml-1.21.jar;C:\Users\harih\.m2\repository\org\seleniumhq\selenium\selenium-java\4.3.0\selenium-java-4.3.0.jar;C:\Users\harih\.m2\repository\org\seleniumhq\selenium\selenium-api\4.3.0\selenium-api-4.3.0.jar;C:\Users\harih\.m2\repository\org\seleniumhq\selenium\selenium-chrome-driver\4.3.0\selenium-chrome-driver-4.3.0.jar;C:\Users\harih\.m2\repository\com\google\auto\service\auto-service-annotations\1.0.1\auto-service-annotations-1.0.1.jar;C:\Users\harih\.m2\repository\com\google\auto\service\auto-service\1.0.1\auto-service-1.0.1.jar;C:\Users\harih\.m2\repository\com\google\auto\auto-common\1.2\auto-common-1.2.jar;C:\Users\harih\.m2\repository\org\seleniumhq\selenium\selenium-chromium-driver\4.3.0\selenium-chromium-driver-4.3.0.jar;C:\Users\harih\.m2\repository\org\seleniumhq\selenium\selenium-json\4.3.0\selenium-json-4.3.0.jar;C:\Users\harih\.m2\repository\org\seleniumhq\selenium\selenium-devtools-v101\4.3.0\selenium-devtools-v101-4.3.0.jar;C:\Users\harih\.m2\repository\org\seleniumhq\selenium\selenium-devtools-v102\4.3.0\selenium-devtools-v102-4.3.0.jar;C:\Users\harih\.m2\repository\org\seleniumhq\selenium\selenium-devtools-v103\4.3.0\selenium-devtools-v103-4.3.0.jar;C:\Users\harih\.m2\repository\org\seleniumhq\selenium\selenium-devtools-v85\4.3.0\selenium-devtools-v85-4.3.0.jar;C:\Users\harih\.m2\repository\org\seleniumhq\selenium\selenium-edge-driver\4.3.0\selenium-edge-driver-4.3.0.jar;C:\Users\harih\.m2\repository\org\seleniumhq\selenium\selenium-firefox-driver\4.3.0\selenium-firefox-driver-4.3.0.jar;C:\Users\harih\.m2\repository\org\seleniumhq\selenium\selenium-ie-driver\4.3.0\selenium-ie-driver-4.3.0.jar;C:\Users\harih\.m2\repository\org\seleniumhq\selenium\selenium-opera-driver\4.3.0\selenium-opera-driver-4.3.0.jar;C:\Users\harih\.m2\repository\org\seleniumhq\selenium\selenium-remote-driver\4.3.0\selenium-remote-driver-4.3.0.jar;C:\Users\harih\.m2\repository\io\netty\netty-buffer\4.1.78.Final\netty-buffer-4.1.78.Final.jar;C:\Users\harih\.m2\repository\io\netty\netty-codec-http\4.1.78.Final\netty-codec-http-4.1.78.Final.jar;C:\Users\harih\.m2\repository\io\netty\netty-codec\4.1.78.Final\netty-codec-4.1.78.Final.jar;C:\Users\harih\.m2\repository\io\netty\netty-handler\4.1.78.Final\netty-handler-4.1.78.Final.jar;C:\Users\harih\.m2\repository\io\netty\netty-common\4.1.78.Final\netty-common-4.1.78.Final.jar;C:\Users\harih\.m2\repository\io\netty\netty-transport-classes-epoll\4.1.78.Final\netty-transport-classes-epoll-4.1.78.Final.jar;C:\Users\harih\.m2\repository\io\netty\netty-transport-classes-kqueue\4.1.78.Final\netty-transport-classes-kqueue-4.1.78.Final.jar;C:\Users\harih\.m2\repository\io\netty\netty-transport-native-epoll\4.1.78.Final\netty-transport-native-epoll-4.1.78.Final.jar;C:\Users\harih\.m2\repository\io\netty\netty-transport-native-kqueue\4.1.78.Final\netty-transport-native-kqueue-4.1.78.Final.jar;C:\Users\harih\.m2\repository\io\netty\netty-transport-native-unix-common\4.1.78.Final\netty-transport-native-unix-common-4.1.78.Final.jar;C:\Users\harih\.m2\repository\io\netty\netty-transport\4.1.78.Final\netty-transport-4.1.78.Final.jar;C:\Users\harih\.m2\repository\io\netty\netty-resolver\4.1.78.Final\netty-resolver-4.1.78.Final.jar;C:\Users\harih\.m2\repository\io\opentelemetry\opentelemetry-api\1.15.0\opentelemetry-api-1.15.0.jar;C:\Users\harih\.m2\repository\io\opentelemetry\opentelemetry-context\1.15.0\opentelemetry-context-1.15.0.jar;C:\Users\harih\.m2\repository\io\opentelemetry\opentelemetry-exporter-logging\1.15.0\opentelemetry-exporter-logging-1.15.0.jar;C:\Users\harih\.m2\repository\io\opentelemetry\opentelemetry-sdk-metrics\1.15.0\opentelemetry-sdk-metrics-1.15.0.jar;C:\Users\harih\.m2\repository\io\opentelemetry\opentelemetry-sdk-logs\1.15.0-alpha\opentelemetry-sdk-logs-1.15.0-alpha.jar;C:\Users\harih\.m2\repository\io\opentelemetry\opentelemetry-sdk-common\1.15.0\opentelemetry-sdk-common-1.15.0.jar;C:\Users\harih\.m2\repository\io\opentelemetry\opentelemetry-sdk-extension-autoconfigure-spi\1.15.0\opentelemetry-sdk-extension-autoconfigure-spi-1.15.0.jar;C:\Users\harih\.m2\repository\io\opentelemetry\opentelemetry-sdk-extension-autoconfigure\1.15.0-alpha\opentelemetry-sdk-extension-autoconfigure-1.15.0-alpha.jar;C:\Users\harih\.m2\repository\io\opentelemetry\opentelemetry-sdk-trace\1.15.0\opentelemetry-sdk-trace-1.15.0.jar;C:\Users\harih\.m2\repository\io\opentelemetry\opentelemetry-sdk\1.15.0\opentelemetry-sdk-1.15.0.jar;C:\Users\harih\.m2\repository\io\opentelemetry\opentelemetry-semconv\1.15.0-alpha\opentelemetry-semconv-1.15.0-alpha.jar;C:\Users\harih\.m2\repository\io\ous\jtoml\2.0.0\jtoml-2.0.0.jar;C:\Users\harih\.m2\repository\net\bytebuddy\byte-buddy\1.12.10\byte-buddy-1.12.10.jar;C:\Users\harih\.m2\repository\org\apache\commons\commons-exec\1.3\commons-exec-1.3.jar;C:\Users\harih\.m2\repository\org\asynchttpclient\async-http-client\2.12.3\async-http-client-2.12.3.jar;C:\Users\harih\.m2\repository\org\asynchttpclient\async-http-client-netty-utils\2.12.3\async-http-client-netty-utils-2.12.3.jar;C:\Users\harih\.m2\repository\io\netty\netty-codec-socks\4.1.60.Final\netty-codec-socks-4.1.60.Final.jar;C:\Users\harih\.m2\repository\io\netty\netty-handler-proxy\4.1.60.Final\netty-handler-proxy-4.1.60.Final.jar;C:\Users\harih\.m2\repository\io\netty\netty-transport-native-epoll\4.1.60.Final\netty-transport-native-epoll-4.1.60.Final-linux-x86_64.jar;C:\Users\harih\.m2\repository\io\netty\netty-transport-native-kqueue\4.1.60.Final\netty-transport-native-kqueue-4.1.60.Final-osx-x86_64.jar;C:\Users\harih\.m2\repository\org\reactivestreams\reactive-streams\1.0.3\reactive-streams-1.0.3.jar;C:\Users\harih\.m2\repository\com\typesafe\netty\netty-reactive-streams\2.0.4\netty-reactive-streams-2.0.4.jar;C:\Users\harih\.m2\repository\com\sun\activation\jakarta.activation\1.2.2\jakarta.activation-1.2.2.jar;C:\Users\harih\.m2\repository\org\seleniumhq\selenium\selenium-http\4.3.0\selenium-http-4.3.0.jar;C:\Users\harih\.m2\repository\dev\failsafe\failsafe\3.2.4\failsafe-3.2.4.jar;C:\Users\harih\.m2\repository\org\seleniumhq\selenium\selenium-safari-driver\4.3.0\selenium-safari-driver-4.3.0.jar;C:\Users\harih\.m2\repository\org\seleniumhq\selenium\selenium-support\4.3.0\selenium-support-4.3.0.jar;C:\Users\harih\.m2\repository\com\google\guava\guava\31.0.1-jre\guava-31.0.1-jre.jar;C:\Users\harih\.m2\repository\com\google\guava\failureaccess\1.0.1\failureaccess-1.0.1.jar;C:\Users\harih\.m2\repository\com\google\guava\listenablefuture\9999.0-empty-to-avoid-conflict-with-guava\listenablefuture-9999.0-empty-to-avoid-conflict-with-guava.jar;C:\Users\harih\.m2\repository\com\google\code\findbugs\jsr305\3.0.2\jsr305-3.0.2.jar;C:\Users\harih\.m2\repository\org\checkerframework\checker-qual\3.12.0\checker-qual-3.12.0.jar;C:\Users\harih\.m2\repository\com\google\errorprone\error_prone_annotations\2.7.1\error_prone_annotations-2.7.1.jar;C:\Users\harih\.m2\repository\com\google\j2objc\j2objc-annotations\1.3\j2objc-annotations-1.3.jar;C:\Users\harih\.m2\repository\io\github\bonigarcia\webdrivermanager\5.2.1\webdrivermanager-5.2.1.jar;C:\Users\harih\.m2\repository\org\slf4j\slf4j-api\1.7.36\slf4j-api-1.7.36.jar;C:\Users\harih\.m2\repository\com\google\code\gson\gson\2.9.0\gson-2.9.0.jar;C:\Users\harih\.m2\repository\com\github\docker-java\docker-java\3.2.13\docker-java-3.2.13.jar;C:\Users\harih\.m2\repository\com\github\docker-java\docker-java-core\3.2.13\docker-java-core-3.2.13.jar;C:\Users\harih\.m2\repository\com\github\docker-java\docker-java-api\3.2.13\docker-java-api-3.2.13.jar;C:\Users\harih\.m2\repository\com\fasterxml\jackson\core\jackson-annotations\2.10.3\jackson-annotations-2.10.3.jar;C:\Users\harih\.m2\repository\commons-io\commons-io\2.6\commons-io-2.6.jar;C:\Users\harih\.m2\repository\org\apache\commons\commons-compress\1.21\commons-compress-1.21.jar;C:\Users\harih\.m2\repository\com\fasterxml\jackson\core\jackson-databind\2.10.3\jackson-databind-2.10.3.jar;C:\Users\harih\.m2\repository\com\fasterxml\jackson\core\jackson-core\2.10.3\jackson-core-2.10.3.jar;C:\Users\harih\.m2\repository\org\bouncycastle\bcpkix-jdk15on\1.64\bcpkix-jdk15on-1.64.jar;C:\Users\harih\.m2\repository\org\bouncycastle\bcprov-jdk15on\1.64\bcprov-jdk15on-1.64.jar;C:\Users\harih\.m2\repository\org\slf4j\jcl-over-slf4j\1.7.30\jcl-over-slf4j-1.7.30.jar;C:\Users\harih\.m2\repository\com\github\docker-java\docker-java-transport-httpclient5\3.2.13\docker-java-transport-httpclient5-3.2.13.jar;C:\Users\harih\.m2\repository\com\github\docker-java\docker-java-transport\3.2.13\docker-java-transport-3.2.13.jar;C:\Users\harih\.m2\repository\net\java\dev\jna\jna\5.8.0\jna-5.8.0.jar;C:\Users\harih\.m2\repository\org\brotli\dec\0.1.2\dec-0.1.2.jar;C:\Users\harih\.m2\repository\org\apache\commons\commons-lang3\3.12.0\commons-lang3-3.12.0.jar;C:\Users\harih\.m2\repository\org\apache\httpcomponents\client5\httpclient5\5.1.3\httpclient5-5.1.3.jar;C:\Users\harih\.m2\repository\org\apache\httpcomponents\core5\httpcore5\5.1.3\httpcore5-5.1.3.jar;C:\Users\harih\.m2\repository\org\apache\httpcomponents\core5\httpcore5-h2\5.1.3\httpcore5-h2-5.1.3.jar;C:\Users\harih\.m2\repository\commons-codec\commons-codec\1.15\commons-codec-1.15.jar;"/>
    <property name="java.vm.vendor" value="Oracle Corporation"/>
    <property name="sun.arch.data.model" value="64"/>
    <property name="application.properties" value="/application.properties"/>
    <property name="user.variant" value=""/>
    <property name="java.vendor.url" value="https://java.oracle.com/"/>
    <property name="user.timezone" value="Asia/Calcutta"/>
    <property name="os.name" value="Windows 11"/>
    <property name="java.vm.specification.version" value="21"/>
    <property name="sun.java.launcher" value="SUN_STANDARD"/>
    <property name="user.country" value="IN"/>
    <property name="sun.boot.library.path" value="C:\Program Files\Java\jdk-21\bin"/>
    <property name="sun.java.command" value="C:\Users\harih\AppData\Local\Temp\surefire7700864951701303941\surefirebooter371418073158706531.jar C:\Users\harih\AppData\Local\Temp\surefire7700864951701303941 2025-02-13T17-02-17_041-jvmRun1 surefire7006615149710599742tmp surefire_02567013552279421222tmp"/>
    <property name="jdk.debug" value="release"/>
    <property name="surefire.test.class.path" value="C:\Users\harih\eclipse-workspace\LambdatestSeleniumTest\target\test-classes;C:\Users\harih\eclipse-workspace\LambdatestSeleniumTest\target\classes;C:\Users\harih\.m2\repository\org\testng\testng\7.1.0\testng-7.1.0.jar;C:\Users\harih\.m2\repository\com\beust\jcommander\1.72\jcommander-1.72.jar;C:\Users\harih\.m2\repository\com\google\inject\guice\4.1.0\guice-4.1.0-no_aop.jar;C:\Users\harih\.m2\repository\javax\inject\javax.inject\1\javax.inject-1.jar;C:\Users\harih\.m2\repository\aopalliance\aopalliance\1.0\aopalliance-1.0.jar;C:\Users\harih\.m2\repository\org\yaml\snakeyaml\1.21\snakeyaml-1.21.jar;C:\Users\harih\.m2\repository\org\seleniumhq\selenium\selenium-java\4.3.0\selenium-java-4.3.0.jar;C:\Users\harih\.m2\repository\org\seleniumhq\selenium\selenium-api\4.3.0\selenium-api-4.3.0.jar;C:\Users\harih\.m2\repository\org\seleniumhq\selenium\selenium-chrome-driver\4.3.0\selenium-chrome-driver-4.3.0.jar;C:\Users\harih\.m2\repository\com\google\auto\service\auto-service-annotations\1.0.1\auto-service-annotations-1.0.1.jar;C:\Users\harih\.m2\repository\com\google\auto\service\auto-service\1.0.1\auto-service-1.0.1.jar;C:\Users\harih\.m2\repository\com\google\auto\auto-common\1.2\auto-common-1.2.jar;C:\Users\harih\.m2\repository\org\seleniumhq\selenium\selenium-chromium-driver\4.3.0\selenium-chromium-driver-4.3.0.jar;C:\Users\harih\.m2\repository\org\seleniumhq\selenium\selenium-json\4.3.0\selenium-json-4.3.0.jar;C:\Users\harih\.m2\repository\org\seleniumhq\selenium\selenium-devtools-v101\4.3.0\selenium-devtools-v101-4.3.0.jar;C:\Users\harih\.m2\repository\org\seleniumhq\selenium\selenium-devtools-v102\4.3.0\selenium-devtools-v102-4.3.0.jar;C:\Users\harih\.m2\repository\org\seleniumhq\selenium\selenium-devtools-v103\4.3.0\selenium-devtools-v103-4.3.0.jar;C:\Users\harih\.m2\repository\org\seleniumhq\selenium\selenium-devtools-v85\4.3.0\selenium-devtools-v85-4.3.0.jar;C:\Users\harih\.m2\repository\org\seleniumhq\selenium\selenium-edge-driver\4.3.0\selenium-edge-driver-4.3.0.jar;C:\Users\harih\.m2\repository\org\seleniumhq\selenium\selenium-firefox-driver\4.3.0\selenium-firefox-driver-4.3.0.jar;C:\Users\harih\.m2\repository\org\seleniumhq\selenium\selenium-ie-driver\4.3.0\selenium-ie-driver-4.3.0.jar;C:\Users\harih\.m2\repository\org\seleniumhq\selenium\selenium-opera-driver\4.3.0\selenium-opera-driver-4.3.0.jar;C:\Users\harih\.m2\repository\org\seleniumhq\selenium\selenium-remote-driver\4.3.0\selenium-remote-driver-4.3.0.jar;C:\Users\harih\.m2\repository\io\netty\netty-buffer\4.1.78.Final\netty-buffer-4.1.78.Final.jar;C:\Users\harih\.m2\repository\io\netty\netty-codec-http\4.1.78.Final\netty-codec-http-4.1.78.Final.jar;C:\Users\harih\.m2\repository\io\netty\netty-codec\4.1.78.Final\netty-codec-4.1.78.Final.jar;C:\Users\harih\.m2\repository\io\netty\netty-handler\4.1.78.Final\netty-handler-4.1.78.Final.jar;C:\Users\harih\.m2\repository\io\netty\netty-common\4.1.78.Final\netty-common-4.1.78.Final.jar;C:\Users\harih\.m2\repository\io\netty\netty-transport-classes-epoll\4.1.78.Final\netty-transport-classes-epoll-4.1.78.Final.jar;C:\Users\harih\.m2\repository\io\netty\netty-transport-classes-kqueue\4.1.78.Final\netty-transport-classes-kqueue-4.1.78.Final.jar;C:\Users\harih\.m2\repository\io\netty\netty-transport-native-epoll\4.1.78.Final\netty-transport-native-epoll-4.1.78.Final.jar;C:\Users\harih\.m2\repository\io\netty\netty-transport-native-kqueue\4.1.78.Final\netty-transport-native-kqueue-4.1.78.Final.jar;C:\Users\harih\.m2\repository\io\netty\netty-transport-native-unix-common\4.1.78.Final\netty-transport-native-unix-common-4.1.78.Final.jar;C:\Users\harih\.m2\repository\io\netty\netty-transport\4.1.78.Final\netty-transport-4.1.78.Final.jar;C:\Users\harih\.m2\repository\io\netty\netty-resolver\4.1.78.Final\netty-resolver-4.1.78.Final.jar;C:\Users\harih\.m2\repository\io\opentelemetry\opentelemetry-api\1.15.0\opentelemetry-api-1.15.0.jar;C:\Users\harih\.m2\repository\io\opentelemetry\opentelemetry-context\1.15.0\opentelemetry-context-1.15.0.jar;C:\Users\harih\.m2\repository\io\opentelemetry\opentelemetry-exporter-logging\1.15.0\opentelemetry-exporter-logging-1.15.0.jar;C:\Users\harih\.m2\repository\io\opentelemetry\opentelemetry-sdk-metrics\1.15.0\opentelemetry-sdk-metrics-1.15.0.jar;C:\Users\harih\.m2\repository\io\opentelemetry\opentelemetry-sdk-logs\1.15.0-alpha\opentelemetry-sdk-logs-1.15.0-alpha.jar;C:\Users\harih\.m2\repository\io\opentelemetry\opentelemetry-sdk-common\1.15.0\opentelemetry-sdk-common-1.15.0.jar;C:\Users\harih\.m2\repository\io\opentelemetry\opentelemetry-sdk-extension-autoconfigure-spi\1.15.0\opentelemetry-sdk-extension-autoconfigure-spi-1.15.0.jar;C:\Users\harih\.m2\repository\io\opentelemetry\opentelemetry-sdk-extension-autoconfigure\1.15.0-alpha\opentelemetry-sdk-extension-autoconfigure-1.15.0-alpha.jar;C:\Users\harih\.m2\repository\io\opentelemetry\opentelemetry-sdk-trace\1.15.0\opentelemetry-sdk-trace-1.15.0.jar;C:\Users\harih\.m2\repository\io\opentelemetry\opentelemetry-sdk\1.15.0\opentelemetry-sdk-1.15.0.jar;C:\Users\harih\.m2\repository\io\opentelemetry\opentelemetry-semconv\1.15.0-alpha\opentelemetry-semconv-1.15.0-alpha.jar;C:\Users\harih\.m2\repository\io\ous\jtoml\2.0.0\jtoml-2.0.0.jar;C:\Users\harih\.m2\repository\net\bytebuddy\byte-buddy\1.12.10\byte-buddy-1.12.10.jar;C:\Users\harih\.m2\repository\org\apache\commons\commons-exec\1.3\commons-exec-1.3.jar;C:\Users\harih\.m2\repository\org\asynchttpclient\async-http-client\2.12.3\async-http-client-2.12.3.jar;C:\Users\harih\.m2\repository\org\asynchttpclient\async-http-client-netty-utils\2.12.3\async-http-client-netty-utils-2.12.3.jar;C:\Users\harih\.m2\repository\io\netty\netty-codec-socks\4.1.60.Final\netty-codec-socks-4.1.60.Final.jar;C:\Users\harih\.m2\repository\io\netty\netty-handler-proxy\4.1.60.Final\netty-handler-proxy-4.1.60.Final.jar;C:\Users\harih\.m2\repository\io\netty\netty-transport-native-epoll\4.1.60.Final\netty-transport-native-epoll-4.1.60.Final-linux-x86_64.jar;C:\Users\harih\.m2\repository\io\netty\netty-transport-native-kqueue\4.1.60.Final\netty-transport-native-kqueue-4.1.60.Final-osx-x86_64.jar;C:\Users\harih\.m2\repository\org\reactivestreams\reactive-streams\1.0.3\reactive-streams-1.0.3.jar;C:\Users\harih\.m2\repository\com\typesafe\netty\netty-reactive-streams\2.0.4\netty-reactive-streams-2.0.4.jar;C:\Users\harih\.m2\repository\com\sun\activation\jakarta.activation\1.2.2\jakarta.activation-1.2.2.jar;C:\Users\harih\.m2\repository\org\seleniumhq\selenium\selenium-http\4.3.0\selenium-http-4.3.0.jar;C:\Users\harih\.m2\repository\dev\failsafe\failsafe\3.2.4\failsafe-3.2.4.jar;C:\Users\harih\.m2\repository\org\seleniumhq\selenium\selenium-safari-driver\4.3.0\selenium-safari-driver-4.3.0.jar;C:\Users\harih\.m2\repository\org\seleniumhq\selenium\selenium-support\4.3.0\selenium-support-4.3.0.jar;C:\Users\harih\.m2\repository\com\google\guava\guava\31.0.1-jre\guava-31.0.1-jre.jar;C:\Users\harih\.m2\repository\com\google\guava\failureaccess\1.0.1\failureaccess-1.0.1.jar;C:\Users\harih\.m2\repository\com\google\guava\listenablefuture\9999.0-empty-to-avoid-conflict-with-guava\listenablefuture-9999.0-empty-to-avoid-conflict-with-guava.jar;C:\Users\harih\.m2\repository\com\google\code\findbugs\jsr305\3.0.2\jsr305-3.0.2.jar;C:\Users\harih\.m2\repository\org\checkerframework\checker-qual\3.12.0\checker-qual-3.12.0.jar;C:\Users\harih\.m2\repository\com\google\errorprone\error_prone_annotations\2.7.1\error_prone_annotations-2.7.1.jar;C:\Users\harih\.m2\repository\com\google\j2objc\j2objc-annotations\1.3\j2objc-annotations-1.3.jar;C:\Users\harih\.m2\repository\io\github\bonigarcia\webdrivermanager\5.2.1\webdrivermanager-5.2.1.jar;C:\Users\harih\.m2\repository\org\slf4j\slf4j-api\1.7.36\slf4j-api-1.7.36.jar;C:\Users\harih\.m2\repository\com\google\code\gson\gson\2.9.0\gson-2.9.0.jar;C:\Users\harih\.m2\repository\com\github\docker-java\docker-java\3.2.13\docker-java-3.2.13.jar;C:\Users\harih\.m2\repository\com\github\docker-java\docker-java-core\3.2.13\docker-java-core-3.2.13.jar;C:\Users\harih\.m2\repository\com\github\docker-java\docker-java-api\3.2.13\docker-java-api-3.2.13.jar;C:\Users\harih\.m2\repository\com\fasterxml\jackson\core\jackson-annotations\2.10.3\jackson-annotations-2.10.3.jar;C:\Users\harih\.m2\repository\commons-io\commons-io\2.6\commons-io-2.6.jar;C:\Users\harih\.m2\repository\org\apache\commons\commons-compress\1.21\commons-compress-1.21.jar;C:\Users\harih\.m2\repository\com\fasterxml\jackson\core\jackson-databind\2.10.3\jackson-databind-2.10.3.jar;C:\Users\harih\.m2\repository\com\fasterxml\jackson\core\jackson-core\2.10.3\jackson-core-2.10.3.jar;C:\Users\harih\.m2\repository\org\bouncycastle\bcpkix-jdk15on\1.64\bcpkix-jdk15on-1.64.jar;C:\Users\harih\.m2\repository\org\bouncycastle\bcprov-jdk15on\1.64\bcprov-jdk15on-1.64.jar;C:\Users\harih\.m2\repository\org\slf4j\jcl-over-slf4j\1.7.30\jcl-over-slf4j-1.7.30.jar;C:\Users\harih\.m2\repository\com\github\docker-java\docker-java-transport-httpclient5\3.2.13\docker-java-transport-httpclient5-3.2.13.jar;C:\Users\harih\.m2\repository\com\github\docker-java\docker-java-transport\3.2.13\docker-java-transport-3.2.13.jar;C:\Users\harih\.m2\repository\net\java\dev\jna\jna\5.8.0\jna-5.8.0.jar;C:\Users\harih\.m2\repository\org\brotli\dec\0.1.2\dec-0.1.2.jar;C:\Users\harih\.m2\repository\org\apache\commons\commons-lang3\3.12.0\commons-lang3-3.12.0.jar;C:\Users\harih\.m2\repository\org\apache\httpcomponents\client5\httpclient5\5.1.3\httpclient5-5.1.3.jar;C:\Users\harih\.m2\repository\org\apache\httpcomponents\core5\httpcore5\5.1.3\httpcore5-5.1.3.jar;C:\Users\harih\.m2\repository\org\apache\httpcomponents\core5\httpcore5-h2\5.1.3\httpcore5-h2-5.1.3.jar;C:\Users\harih\.m2\repository\commons-codec\commons-codec\1.15\commons-codec-1.15.jar;"/>
    <property name="sun.cpu.endian" value="little"/>
    <property name="user.home" value="C:\Users\harih"/>
    <property name="user.language" value="en"/>
    <property name="java.specification.vendor" value="Oracle Corporation"/>
    <property name="java.version.date" value="2024-10-15"/>
    <property name="java.home" value="C:\Program Files\Java\jdk-21"/>
    <property name="file.separator" value="\"/>
    <property name="basedir" value="C:\Users\harih\eclipse-workspace\LambdatestSeleniumTest"/>
    <property name="java.vm.compressedOopsMode" value="Zero based"/>
    <property name="line.separator" value="&#10;"/>
    <property name="java.vm.specification.vendor" value="Oracle Corporation"/>
    <property name="java.specification.name" value="Java Platform API Specification"/>
    <property name="surefire.real.class.path" value="C:\Users\harih\AppData\Local\Temp\surefire7700864951701303941\surefirebooter371418073158706531.jar"/>
    <property name="user.script" value=""/>
    <property name="sun.management.compiler" value="HotSpot 64-Bit Tiered Compilers"/>
    <property name="java.runtime.version" value="21.0.5+9-LTS-239"/>
    <property name="user.name" value="harih"/>
    <property name="stdout.encoding" value="Cp1252"/>
    <property name="path.separator" value=";"/>
    <property name="otel.metrics.exporter" value="none"/>
    <property name="os.version" value="10.0"/>
    <property name="java.runtime.name" value="Java(TM) SE Runtime Environment"/>
    <property name="otel.traces.exporter" value="none"/>
    <property name="file.encoding" value="UTF-8"/>
    <property name="java.vm.name" value="Java HotSpot(TM) 64-Bit Server VM"/>
    <property name="localRepository" value="C:\Users\harih\.m2\repository"/>
    <property name="java.vendor.url.bug" value="https://bugreport.java.com/bugreport/"/>
    <property name="java.io.tmpdir" value="C:\Users\harih\AppData\Local\Temp\"/>
    <property name="java.version" value="21.0.5"/>
    <property name="user.dir" value="C:\Users\harih\eclipse-workspace\LambdatestSeleniumTest"/>
    <property name="os.arch" value="amd64"/>
    <property name="java.vm.specification.name" value="Java Virtual Machine Specification"/>
    <property name="sun.os.patch.level" value=""/>
    <property name="native.encoding" value="Cp1252"/>
    <property name="java.library.path" value="C:\Program Files\Java\jdk-21\bin;C:\WINDOWS\Sun\Java\bin;C:\WINDOWS\system32;C:\WINDOWS;C:\Program Files\FireDaemon OpenSSL 3\bin\;C:\Program Files\Common Files\Oracle\Java\javapath;C:\Python312\Scripts\;C:\Python312\;C:\Program Files (x86)\Common Files\Intel\Shared Libraries\redist\intel64\compiler;C:\WINDOWS\system32;C:\WINDOWS;C:\WINDOWS\System32\Wbem;C:\WINDOWS\System32\WindowsPowerShell\v1.0\;C:\WINDOWS\System32\OpenSSH\;C:\Users\harih\AppData\Roaming\nvm;C:\Program Files\nodejs;C:\ProgramData\chocolatey\bin;C:\Program Files\nodejs\;C:\Users\harih\AppData\Local\Android\Sdk\tools\bin;C:\Users\harih\AppData\Local\Android\Sdk\tools;C:\Users\harih\AppData\Local\Android\Sdk\platform-tools;C:\Program Files\nodejs\node_modules\npm\bin;C:\Program Files\Java\jdk-21\bin;%PROGRAMFILES%\FireDaemon OpenSSL 3;%PROGRAMFILES%\Common Files\FireDaemon SSL 3;C:\Program Files\apache-maven-3.9.9\bin;C:\Users\harih\Downloads\allure-2.32.0\allure-2.32.0\bin;C:\Program Files\Git\cmd;C:\Program Files\MySQL\MySQL Shell 8.0\bin\;C:\Users\harih\AppData\Local\Microsoft\WindowsApps;C:\Program Files\jdk-23.0.1\bin;C:\Users\harih\AppData\Roaming\npm;C:\Users\harih\AppData\Local\GitHubDesktop\bin;."/>
    <property name="java.vm.info" value="mixed mode, sharing"/>
    <property name="stderr.encoding" value="Cp1252"/>
    <property name="java.vendor" value="Oracle Corporation"/>
    <property name="java.vm.version" value="21.0.5+9-LTS-239"/>
    <property name="sun.io.unicode.encoding" value="UnicodeLittle"/>
    <property name="java.class.version" value="65.0"/>
  </properties>
  <testcase name="getMessage[Chrome, Windows 10](2)" classname="test_scenarios.TestScenarioOne" time="21.993">
    <system-err><![CDATA[Feb 13, 2025 5:02:17 PM org.openqa.selenium.remote.tracing.opentelemetry.OpenTelemetryTracer createTracer
INFO: Using OpenTelemetry for tracing
SLF4J: Failed to load class "org.slf4j.impl.StaticLoggerBinder".
SLF4J: Defaulting to no-operation (NOP) logger implementation
SLF4J: See http://www.slf4j.org/codes.html#StaticLoggerBinder for further details.
Feb 13, 2025 5:02:27 PM org.openqa.selenium.remote.ProtocolHandshake createSession
INFO: Detected upstream dialect: W3C
Feb 13, 2025 5:02:29 PM org.openqa.selenium.remote.ProtocolHandshake createSession
INFO: Detected upstream dialect: W3C
Feb 13, 2025 5:02:29 PM org.openqa.selenium.remote.ProtocolHandshake createSession
INFO: Detected upstream dialect: W3C
]]></system-err>
  </testcase>
  <testcase name="getMessage[Microsoft Edge, macOS Ventura](4)" classname="test_scenarios.TestScenarioOne" time="4.716">
    <system-err><![CDATA[Feb 13, 2025 5:02:50 PM org.openqa.selenium.remote.ProtocolHandshake createSession
INFO: Detected upstream dialect: W3C
]]></system-err>
  </testcase>
  <testcase name="getMessage[Firefox, Windows 11](6)" classname="test_scenarios.TestScenarioOne" time="1.44"/>
  <testcase name="getMessage[Internet Explorer, Windows 10](8)" classname="test_scenarios.TestScenarioOne" time="0.008">
    <failure message="org.openqa.selenium.SessionNotCreatedException: Could not start a new session. Possible causes are invalid address of the remote server or browser start-up failure.&#10;Build info: version: &apos;4.3.0&apos;, revision: &apos;a4995e2c09*&apos;&#10;System info: host: &apos;HARI&apos;, ip: &apos;192.168.0.101&apos;, os.name: &apos;Windows 11&apos;, os.arch: &apos;amd64&apos;, os.version: &apos;10.0&apos;, java.version: &apos;21.0.5&apos;&#10;Driver info: org.openqa.selenium.remote.RemoteWebDriver&#10;Command: [null, newSession {capabilities=[Capabilities {LT:Options: {accessKey: lnZKxgahvOQWMxQNl73Uxp4ODhJ..., build: Selenium java 101 Test 3, console: true, name: Internet Explorer Windows 10, network: true, project: Test project, selenium_version: 4.0.0, timezone: Kolkata, username: hariharanbas754, video: true, visual: true, w3c: true}, browserName: internet explorer, browserVersion: 11.0, platformName: Windows 10, se:ieOptions: {}}], desiredCapabilities=Capabilities {LT:Options: {accessKey: lnZKxgahvOQWMxQNl73Uxp4ODhJ..., build: Selenium java 101 Test 3, console: true, name: Internet Explorer Windows 10, network: true, project: Test project, selenium_version: 4.0.0, timezone: Kolkata, username: hariharanbas754, video: true, visual: true, w3c: true}, browserName: internet explorer, browserVersion: 11.0, platformName: Windows 10, se:ieOptions: {}}}]&#10;Capabilities {}" type="org.testng.internal.InvokeMethodRunnable$TestNGRuntimeException"><![CDATA[org.testng.internal.InvokeMethodRunnable$TestNGRuntimeException: 
org.openqa.selenium.SessionNotCreatedException: Could not start a new session. Possible causes are invalid address of the remote server or browser start-up failure.
Build info: version: '4.3.0', revision: 'a4995e2c09*'
System info: host: 'HARI', ip: '192.168.0.101', os.name: 'Windows 11', os.arch: 'amd64', os.version: '10.0', java.version: '21.0.5'
Driver info: org.openqa.selenium.remote.RemoteWebDriver
Command: [null, newSession {capabilities=[Capabilities {LT:Options: {accessKey: lnZKxgahvOQWMxQNl73Uxp4ODhJ..., build: Selenium java 101 Test 3, console: true, name: Internet Explorer Windows 10, network: true, project: Test project, selenium_version: 4.0.0, timezone: Kolkata, username: hariharanbas754, video: true, visual: true, w3c: true}, browserName: internet explorer, browserVersion: 11.0, platformName: Windows 10, se:ieOptions: {}}], desiredCapabilities=Capabilities {LT:Options: {accessKey: lnZKxgahvOQWMxQNl73Uxp4ODhJ..., build: Selenium java 101 Test 3, console: true, name: Internet Explorer Windows 10, network: true, project: Test project, selenium_version: 4.0.0, timezone: Kolkata, username: hariharanbas754, video: true, visual: true, w3c: true}, browserName: internet explorer, browserVersion: 11.0, platformName: Windows 10, se:ieOptions: {}}}]
Capabilities {}
	at test_scenarios.TestScenarioOne.getMessage(TestScenarioOne.java:20)
Caused by: java.lang.RuntimeException: NettyHttpHandler request interrupted
	at test_scenarios.TestScenarioOne.getMessage(TestScenarioOne.java:20)
Caused by: java.lang.InterruptedException
	at test_scenarios.TestScenarioOne.getMessage(TestScenarioOne.java:20)
]]></failure>
  </testcase>
  <testcase name="dragDrop[Chrome, Windows 10](2)" classname="test_scenarios.TestScenarioTwo" time="6.835">
    <system-out><![CDATA[95
]]></system-out>
  </testcase>
  <testcase name="dragDrop[Microsoft Edge, macOS Ventura](4)" classname="test_scenarios.TestScenarioTwo" time="1.859">
    <system-out><![CDATA[95
]]></system-out>
  </testcase>
  <testcase name="dragDrop[Firefox, Windows 11](6)" classname="test_scenarios.TestScenarioTwo" time="7.319">
    <failure message="org.openqa.selenium.SessionNotCreatedException: Could not start a new session. Possible causes are invalid address of the remote server or browser start-up failure.&#10;Build info: version: &apos;4.3.0&apos;, revision: &apos;a4995e2c09*&apos;&#10;System info: host: &apos;HARI&apos;, ip: &apos;192.168.0.101&apos;, os.name: &apos;Windows 11&apos;, os.arch: &apos;amd64&apos;, os.version: &apos;10.0&apos;, java.version: &apos;21.0.5&apos;&#10;Driver info: org.openqa.selenium.remote.RemoteWebDriver&#10;Command: [null, newSession {capabilities=[Capabilities {LT:Options: {accessKey: lnZKxgahvOQWMxQNl73Uxp4ODhJ..., build: Selenium java 101 Test 3, console: true, name: Firefox Windows 11, network: true, project: Test project, selenium_version: 4.0.0, timezone: Kolkata, username: hariharanbas754, video: true, visual: true, w3c: true}, acceptInsecureCerts: true, browserName: firefox, browserVersion: 130.0, moz:debuggerAddress: true, moz:firefoxOptions: {}, platformName: Windows 11}], desiredCapabilities=Capabilities {LT:Options: {accessKey: lnZKxgahvOQWMxQNl73Uxp4ODhJ..., build: Selenium java 101 Test 3, console: true, name: Firefox Windows 11, network: true, project: Test project, selenium_version: 4.0.0, timezone: Kolkata, username: hariharanbas754, video: true, visual: true, w3c: true}, acceptInsecureCerts: true, browserName: firefox, browserVersion: 130.0, moz:debuggerAddress: true, moz:firefoxOptions: {}, platformName: Windows 11}}]&#10;Capabilities {}" type="org.testng.internal.InvokeMethodRunnable$TestNGRuntimeException"><![CDATA[org.testng.internal.InvokeMethodRunnable$TestNGRuntimeException: 
org.openqa.selenium.SessionNotCreatedException: Could not start a new session. Possible causes are invalid address of the remote server or browser start-up failure.
Build info: version: '4.3.0', revision: 'a4995e2c09*'
System info: host: 'HARI', ip: '192.168.0.101', os.name: 'Windows 11', os.arch: 'amd64', os.version: '10.0', java.version: '21.0.5'
Driver info: org.openqa.selenium.remote.RemoteWebDriver
Command: [null, newSession {capabilities=[Capabilities {LT:Options: {accessKey: lnZKxgahvOQWMxQNl73Uxp4ODhJ..., build: Selenium java 101 Test 3, console: true, name: Firefox Windows 11, network: true, project: Test project, selenium_version: 4.0.0, timezone: Kolkata, username: hariharanbas754, video: true, visual: true, w3c: true}, acceptInsecureCerts: true, browserName: firefox, browserVersion: 130.0, moz:debuggerAddress: true, moz:firefoxOptions: {}, platformName: Windows 11}], desiredCapabilities=Capabilities {LT:Options: {accessKey: lnZKxgahvOQWMxQNl73Uxp4ODhJ..., build: Selenium java 101 Test 3, console: true, name: Firefox Windows 11, network: true, project: Test project, selenium_version: 4.0.0, timezone: Kolkata, username: hariharanbas754, video: true, visual: true, w3c: true}, acceptInsecureCerts: true, browserName: firefox, browserVersion: 130.0, moz:debuggerAddress: true, moz:firefoxOptions: {}, platformName: Windows 11}}]
Capabilities {}
	at test_scenarios.TestScenarioTwo.dragDrop(TestScenarioTwo.java:21)
Caused by: java.lang.RuntimeException: NettyHttpHandler request interrupted
	at test_scenarios.TestScenarioTwo.dragDrop(TestScenarioTwo.java:21)
Caused by: java.lang.InterruptedException
	at test_scenarios.TestScenarioTwo.dragDrop(TestScenarioTwo.java:21)
]]></failure>
  </testcase>
  <testcase name="dragDrop[Internet Explorer, Windows 10](8)" classname="test_scenarios.TestScenarioTwo" time="28.826">
    <failure message="org.openqa.selenium.SessionNotCreatedException: Could not start a new session. Possible causes are invalid address of the remote server or browser start-up failure.&#10;Build info: version: &apos;4.3.0&apos;, revision: &apos;a4995e2c09*&apos;&#10;System info: host: &apos;HARI&apos;, ip: &apos;192.168.0.101&apos;, os.name: &apos;Windows 11&apos;, os.arch: &apos;amd64&apos;, os.version: &apos;10.0&apos;, java.version: &apos;21.0.5&apos;&#10;Driver info: org.openqa.selenium.remote.RemoteWebDriver&#10;Command: [null, newSession {capabilities=[Capabilities {LT:Options: {accessKey: lnZKxgahvOQWMxQNl73Uxp4ODhJ..., build: Selenium java 101 Test 3, console: true, name: Internet Explorer Windows 10, network: true, project: Test project, selenium_version: 4.0.0, timezone: Kolkata, username: hariharanbas754, video: true, visual: true, w3c: true}, browserName: internet explorer, browserVersion: 11.0, platformName: Windows 10, se:ieOptions: {}}], desiredCapabilities=Capabilities {LT:Options: {accessKey: lnZKxgahvOQWMxQNl73Uxp4ODhJ..., build: Selenium java 101 Test 3, console: true, name: Internet Explorer Windows 10, network: true, project: Test project, selenium_version: 4.0.0, timezone: Kolkata, username: hariharanbas754, video: true, visual: true, w3c: true}, browserName: internet explorer, browserVersion: 11.0, platformName: Windows 10, se:ieOptions: {}}}]&#10;Capabilities {}" type="org.testng.internal.InvokeMethodRunnable$TestNGRuntimeException"><![CDATA[org.testng.internal.InvokeMethodRunnable$TestNGRuntimeException: 
org.openqa.selenium.SessionNotCreatedException: Could not start a new session. Possible causes are invalid address of the remote server or browser start-up failure.
Build info: version: '4.3.0', revision: 'a4995e2c09*'
System info: host: 'HARI', ip: '192.168.0.101', os.name: 'Windows 11', os.arch: 'amd64', os.version: '10.0', java.version: '21.0.5'
Driver info: org.openqa.selenium.remote.RemoteWebDriver
Command: [null, newSession {capabilities=[Capabilities {LT:Options: {accessKey: lnZKxgahvOQWMxQNl73Uxp4ODhJ..., build: Selenium java 101 Test 3, console: true, name: Internet Explorer Windows 10, network: true, project: Test project, selenium_version: 4.0.0, timezone: Kolkata, username: hariharanbas754, video: true, visual: true, w3c: true}, browserName: internet explorer, browserVersion: 11.0, platformName: Windows 10, se:ieOptions: {}}], desiredCapabilities=Capabilities {LT:Options: {accessKey: lnZKxgahvOQWMxQNl73Uxp4ODhJ..., build: Selenium java 101 Test 3, console: true, name: Internet Explorer Windows 10, network: true, project: Test project, selenium_version: 4.0.0, timezone: Kolkata, username: hariharanbas754, video: true, visual: true, w3c: true}, browserName: internet explorer, browserVersion: 11.0, platformName: Windows 10, se:ieOptions: {}}}]
Capabilities {}
	at test_scenarios.TestScenarioTwo.dragDrop(TestScenarioTwo.java:21)
Caused by: java.lang.RuntimeException: NettyHttpHandler request interrupted
	at test_scenarios.TestScenarioTwo.dragDrop(TestScenarioTwo.java:21)
Caused by: java.lang.InterruptedException
	at test_scenarios.TestScenarioTwo.dragDrop(TestScenarioTwo.java:21)
]]></failure>
  </testcase>
  <testcase name="submitForm[Chrome, Windows 10](2)" classname="test_scenarios.TestScenarioThree" time="2.569"/>
  <testcase name="submitForm[Microsoft Edge, macOS Ventura](4)" classname="test_scenarios.TestScenarioThree" time="6.978">
    <system-err><![CDATA[Feb 13, 2025 5:02:56 PM org.openqa.selenium.remote.ProtocolHandshake createSession
INFO: Detected upstream dialect: W3C
Feb 13, 2025 5:02:57 PM org.openqa.selenium.remote.ProtocolHandshake createSession
INFO: Detected upstream dialect: W3C
]]></system-err>
  </testcase>
  <testcase name="submitForm[Firefox, Windows 11](6)" classname="test_scenarios.TestScenarioThree" time="26.31">
    <failure message="org.openqa.selenium.WebDriverException: Unable to find the session info for particular sessionId 8412f9a9-1c24-4ca6-8321-e3329b4e919f, maybe session has quit already or timed out.&#10;Build info: version: &apos;4.3.0&apos;, revision: &apos;a4995e2c09*&apos;&#10;System info: host: &apos;HARI&apos;, ip: &apos;192.168.0.101&apos;, os.name: &apos;Windows 11&apos;, os.arch: &apos;amd64&apos;, os.version: &apos;10.0&apos;, java.version: &apos;21.0.5&apos;&#10;Driver info: org.openqa.selenium.remote.RemoteWebDriver&#10;Command: [8412f9a9-1c24-4ca6-8321-e3329b4e919f, findElement {using=link text, value=Input Form Submit}]&#10;Capabilities {acceptInsecureCerts: true, browserName: firefox, browserVersion: 130.0.1, moz:accessibilityChecks: false, moz:buildID: 20240913135723, moz:geckodriverVersion: 0.35.0, moz:headless: false, moz:platformVersion: 10.0, moz:processID: 5056, moz:profile: C:\Users\ltuser\AppData\Loc..., moz:shutdownTimeout: 60000, moz:webdriverClick: true, moz:windowless: false, pageLoadStrategy: normal, platformName: WINDOWS, proxy: Proxy(), setWindowRect: true, strictFileInteractability: false, timeouts: {implicit: 0, pageLoad: 300000, script: 30000}, unhandledPromptBehavior: dismiss and notify, userAgent: Mozilla/5.0 (Windows NT 10....}&#10;Session ID: 8412f9a9-1c24-4ca6-8321-e3329b4e919f" type="org.testng.internal.InvokeMethodRunnable$TestNGRuntimeException"><![CDATA[org.testng.internal.InvokeMethodRunnable$TestNGRuntimeException: 
org.openqa.selenium.WebDriverException: Unable to find the session info for particular sessionId 8412f9a9-1c24-4ca6-8321-e3329b4e919f, maybe session has quit already or timed out.
Build info: version: '4.3.0', revision: 'a4995e2c09*'
System info: host: 'HARI', ip: '192.168.0.101', os.name: 'Windows 11', os.arch: 'amd64', os.version: '10.0', java.version: '21.0.5'
Driver info: org.openqa.selenium.remote.RemoteWebDriver
Command: [8412f9a9-1c24-4ca6-8321-e3329b4e919f, findElement {using=link text, value=Input Form Submit}]
Capabilities {acceptInsecureCerts: true, browserName: firefox, browserVersion: 130.0.1, moz:accessibilityChecks: false, moz:buildID: 20240913135723, moz:geckodriverVersion: 0.35.0, moz:headless: false, moz:platformVersion: 10.0, moz:processID: 5056, moz:profile: C:\Users\ltuser\AppData\Loc..., moz:shutdownTimeout: 60000, moz:webdriverClick: true, moz:windowless: false, pageLoadStrategy: normal, platformName: WINDOWS, proxy: Proxy(), setWindowRect: true, strictFileInteractability: false, timeouts: {implicit: 0, pageLoad: 300000, script: 30000}, unhandledPromptBehavior: dismiss and notify, userAgent: Mozilla/5.0 (Windows NT 10....}
Session ID: 8412f9a9-1c24-4ca6-8321-e3329b4e919f
	at test_scenarios.TestScenarioThree.submitForm(TestScenarioThree.java:26)
]]></failure>
    <system-err><![CDATA[Feb 13, 2025 5:03:08 PM org.openqa.selenium.remote.ProtocolHandshake createSession
INFO: Detected upstream dialect: W3C
Feb 13, 2025 5:03:18 PM org.openqa.selenium.remote.ProtocolHandshake createSession
INFO: Detected upstream dialect: W3C
]]></system-err>
  </testcase>
  <testcase name="submitForm[Internet Explorer, Windows 10](8)" classname="test_scenarios.TestScenarioThree" time="0.005">
    <failure message="org.openqa.selenium.SessionNotCreatedException: Could not start a new session. Possible causes are invalid address of the remote server or browser start-up failure.&#10;Build info: version: &apos;4.3.0&apos;, revision: &apos;a4995e2c09*&apos;&#10;System info: host: &apos;HARI&apos;, ip: &apos;192.168.0.101&apos;, os.name: &apos;Windows 11&apos;, os.arch: &apos;amd64&apos;, os.version: &apos;10.0&apos;, java.version: &apos;21.0.5&apos;&#10;Driver info: org.openqa.selenium.remote.RemoteWebDriver&#10;Command: [null, newSession {capabilities=[Capabilities {LT:Options: {accessKey: lnZKxgahvOQWMxQNl73Uxp4ODhJ..., build: Selenium java 101 Test 3, console: true, name: Internet Explorer Windows 10, network: true, project: Test project, selenium_version: 4.0.0, timezone: Kolkata, username: hariharanbas754, video: true, visual: true, w3c: true}, browserName: internet explorer, browserVersion: 11.0, platformName: Windows 10, se:ieOptions: {}}], desiredCapabilities=Capabilities {LT:Options: {accessKey: lnZKxgahvOQWMxQNl73Uxp4ODhJ..., build: Selenium java 101 Test 3, console: true, name: Internet Explorer Windows 10, network: true, project: Test project, selenium_version: 4.0.0, timezone: Kolkata, username: hariharanbas754, video: true, visual: true, w3c: true}, browserName: internet explorer, browserVersion: 11.0, platformName: Windows 10, se:ieOptions: {}}}]&#10;Capabilities {}" type="org.testng.internal.InvokeMethodRunnable$TestNGRuntimeException"><![CDATA[org.testng.internal.InvokeMethodRunnable$TestNGRuntimeException: 
org.openqa.selenium.SessionNotCreatedException: Could not start a new session. Possible causes are invalid address of the remote server or browser start-up failure.
Build info: version: '4.3.0', revision: 'a4995e2c09*'
System info: host: 'HARI', ip: '192.168.0.101', os.name: 'Windows 11', os.arch: 'amd64', os.version: '10.0', java.version: '21.0.5'
Driver info: org.openqa.selenium.remote.RemoteWebDriver
Command: [null, newSession {capabilities=[Capabilities {LT:Options: {accessKey: lnZKxgahvOQWMxQNl73Uxp4ODhJ..., build: Selenium java 101 Test 3, console: true, name: Internet Explorer Windows 10, network: true, project: Test project, selenium_version: 4.0.0, timezone: Kolkata, username: hariharanbas754, video: true, visual: true, w3c: true}, browserName: internet explorer, browserVersion: 11.0, platformName: Windows 10, se:ieOptions: {}}], desiredCapabilities=Capabilities {LT:Options: {accessKey: lnZKxgahvOQWMxQNl73Uxp4ODhJ..., build: Selenium java 101 Test 3, console: true, name: Internet Explorer Windows 10, network: true, project: Test project, selenium_version: 4.0.0, timezone: Kolkata, username: hariharanbas754, video: true, visual: true, w3c: true}, browserName: internet explorer, browserVersion: 11.0, platformName: Windows 10, se:ieOptions: {}}}]
Capabilities {}
	at test_scenarios.TestScenarioThree.submitForm(TestScenarioThree.java:22)
Caused by: java.lang.RuntimeException: NettyHttpHandler request interrupted
	at test_scenarios.TestScenarioThree.submitForm(TestScenarioThree.java:22)
Caused by: java.lang.InterruptedException
	at test_scenarios.TestScenarioThree.submitForm(TestScenarioThree.java:22)
]]></failure>
  </testcase>
</testsuite>